   10  for f in *_*.txt; do echo $f; done
   11  for f in *_*.txt; do echo product_review; done
   12  for f in *_*.txt; do echo product_review: 7 >> $f; done
   13  ls
   14  cat *_*.txt
   15  ls
   16  clear
   17  ls
   18  for f in *_*.txt; do echo f; done
   19  for f in *_*.txt; do echo $*.txt; done
   20  for f in *_*.txt; do echo ${f}; done
   21  for f in *_*.txt; do echo ${f*}; done
   22  for f in *_*.txt; do echo ${*f}; done
   23  for f in *_*.txt; do echo ${f%.}; done
   24  for f in *_*.txt; do echo ${f%.*}; done
   25  for f in *_*.txt; do echo ${f%*.*}; done
   26  for f in *_*.txt; do echo ${f%.*.}; done
   27  for f in *_*.txt; do echo ${f.*}; done
   28  for f in *_*.txt; do echo ${f%*.}; done
   29  for f in *_*.txt; do echo ${f%*.*}; done
   30  for f in *.txt; do echo ${f%}; done
   31  for f in f in *.txt ; do echo ${f%} ; done.txt; do echo ${f%}; done
   32  for f in *.txt; do echo ${f%}; done
   33  for f in {}.txt; do echo ${f%}; done
   34  for f in ${*}.txt; do echo ${f%}; done
   35  for f in $(*).txt; do echo ${f%}; done
   36  ls -1
   37  ls
   38  ls -1
   39  ls -1 | grep 0
   40  ls -1 | grep 03
   41  ls -1 | grep -e ".."
   42  ls -1 | grep -e "."
   43  ls -1 | grep -e "^2022"
   44  ls -1 | grep -e "^_"
   45  ls -1 | grep -e "^_."
   46  ls -1 | grep -e "[^0-9]"
   47  ls -1 | grep -e "[0-9]"
   48  ls -1 | grep -e "[^_]"
   49  ls -1 | grep -e "[^//]"
   50  ls -1 | grep -e "[^//_]"
   51  ln -s 0373836635.LATEST.txt 0373836635.20221018_162901.txt 
   52  ls -s 0373836635.20221018_162901.txt 0373836635.LATEST.txt
   53  ls
   54  clear
   55  cat 0373836635.txt > 0373836635.LATEST.txt
   56  ls
   57  ln -n 0373836635.20221018_162901.txt 0373836635.LATEST.txt 
   58  ls -l
   59  rm 0373836635.LATEST.txt 
   60  ls
   61  clear
   62  ls
   63  ls -l
   64  ln -n 0373836635.20221018_162901.txt 0373836635.LATEST.txt 
   65  ls
   66  ls -l
   67  crontab -3
   68  crontab -e
   69  ls
   70  crobtab -e
   71  crontab
   72  crontab -e
   73  clear
   74  clear
   75  tmux attach-t homework
   76  tmux attach -t homework
   77  cat cronshell.sh
   78  ls sh
   79  ls /bin/ba
   80  ls /bin/bash
   81  ls
   82  cd git/worksheet1/worksheet6
   83  ls
   84  clear
   85  ls
   86  cd git 
   87  cd worksheet1/
   88  ls
   89  mkdir worksheet6.1
   90  ls
   91  ls -l
   92  ll
   93  ls A1
   94  ls A2
   95  ls A3
   96  ls worksheet3
   97  cd 
   98  ls
   99  head amazon_reviews_us_Books_v1_02.tsv 
  100  grep 0385730586 amazon_reviews_us_Books_v1_02.tsv 
  101  clear
  102  head amazon_reviews_us_Books_v1_02.tsv 
  103  cat amazon_reviews_us_Books_v1_02.tsv | cut -d$'\t' -f4 | head
  104  cat amazon_reviews_us_Books_v1_02.tsv | cut -d$'\t' -f4 | sort | uniq -c | sort | head
  105  grep 000200092X amazon_reviews_us_Books_v1_02.tsv 
  106  grep 000200092X amazon_reviews_us_Books_v1_02.tsv > git/worksheet1/worksheet6.1/000200092X.txt
  107  ls
  108  cd git/worksheet1/worksheet6.1/
  109  ls
  110  head 000200092X.txt 
  111  cat 000200092X.txt > 000200092X.$(date '+%Y%m%d_%H%M%S').txt
  112  ls
  113  cat 000200092X.20221018_183625.txt 
  114  clear
  115  ls
  116  ln -s 000200092X.20221018_183625.txt 000200092X.LATEST.txt
  117  ls
  118  head 000200092X.LATEST.txt 
  119  clear
  120  ls -latr
  121  clear
  122  cd
  123  /bin/bash
  124  clear
  125  cd git/worksheet1/
  126  mkdir A4
  127  ls
  128  cd A4
  129  ls
  130  clear
  131  tmux new-session -s homework
  132  tmux new-session -s A4
  133  clear
  134  ls
  135  date '%Y_%m_%d'
  136  date '+%Y_%m_%d'
  137  echo $(date '+%Y_%m_%d')
  138  echo $(date '+%Y_%m_%d') > $(date '+%Y_%m_%d').txt
  139  ls
  140  clear
  141  date '+%Y-%m-%d %H:%M:%S'
  142  rm *
  143  ls
  144  echo $(date '+%Y%m%d_%H%M%S') > $(date '+%Y%m%d_%H%M%S').txt
  145  ls
  146  cd
  147  ls
  148  cd git
  149  ls
  150  cd worksheet1/
  151  ls
  152  ls A2
  153  cd worksheet3
  154  ls
  155  cd ..
  156  ls worksheet4/
  157  cp worksheet4/PRODUCTS worksheet6
  158  cp worksheet4/PRODUCTS/ worksheet6
  159  cp -R worksheet4/PRODUCTS/ worksheet6
  160  ls
  161  cd worksheet6/
  162  ls
  163  git status
  164  clear
  165  ls
  166  cd ..
  167  ls
  168  mv A6/* worksheet6
  169  ls
  170  ls A6
  171  rm A6
  172  rmdir A6
  173  ls
  174  cd worksheet6
  175  ls
  176  script ws6.txt
  177  ls
  178  history > cmds.log
  179  ls
  180  vi ws6.txt 
  181  head ws6.txt 
  182  clear
  183  git status
  184  cd ..
  185  ls
  186  git status
  187  git add .
  188  git commit -m "WS6"
  189  git push -u origin main
  190  tmux attach -t homework
  191  tmux attach -t A4
  192  clear
  193  ls
  194  ls A4
  195  cd A4
  196  head -n2 retweeted.tsv 
  197  head retweeted.tsv 
  198  cut -d$'\t' -f5,6
  199  cut -d$'\t' -f5,6 retweeted.tsv 
  200  cut -d$'\t' -f5,6 retweeted.tsv | head -n 100
  201  clear
  202  head -n 1 retweeted.tsv 
  203  head -n 2 retweeted.tsv 
  204  grep 1513654494504136709 retweeted.tsv 
  205  cut -d$'\t' -f6 retweeted.tsv | wc -l
  206  wc -l retweeted.tsv 
  207  cut -d$'\t' -f6 retweeted.tsv | uniq -c | wc -l
  208  cut -d$'\t' -f5 retweeted.tsv | uniq -c | wc -l
  209  cd
  210  ls
  211  cd git/worksheet1/
  212  ls
  213  cd A4
  214  ls
  215  grep retweets downloaded_tweets_extend_original_nolf2.tsv | head 
  216  grep retweets downloaded_tweets_extend_nolf2.tsv | head 
  217  grep retweeted downloaded_tweets_extend_nolf2.tsv | head 
  218  grep retweeted downloaded_tweets_extend_nolf2.tsv | cut -d$'\t' -f6 | head
  219  grep retweeted downloaded_tweets_extend_nolf2.tsv | cut -d$'\t' -f6 | sort | uniq -c
  220  grep retweeted downloaded_tweets_extend_nolf2.tsv | cut -d$'\t' -f5 | sort | uniq -c
  221  grep retweeted downloaded_tweets_extend_nolf2.tsv | cut -d$'\t' -f5 | sort | uniq -c | sort -nr | head
  222  grep 1497678663046905863 downloaded_tweets_extend_nolf2.tsv 
  223  clear
  224  ls
  225  head retweeted.tsv 
  226  cut -d$'\t' -f5 retweeted.tsv | head
  227  cut -d$'\t' -f5 retweeted.tsv | head | awk "{print $1}"
  228  cut -d$'\t' -f5 retweeted.tsv | head | awk "{print ${=* }"
  229  clear
  230  ls
  231  date '%Y_%m_%d'
  232  date '+%Y_%m_%d'
  233  echo $(date '+%Y_%m_%d')
  234  echo $(date '+%Y_%m_%d') > $(date '+%Y_%m_%d').txt
  235  ls
  236  clear
  237  date '+%Y-%m-%d %H:%M:%S'
  238  rm *
  239  ls
  240  echo $(date '+%Y%m%d_%H%M%S') > $(date '+%Y%m%d_%H%M%S').txt
  241  ls
  242  cd
  243  ls
  244  cd git
  245  ls
  246  cd worksheet1/
  247  ls
  248  ls A2
  249  cd worksheet3
  250  ls
  251  cd ..
  252  ls worksheet4/
  253  cp worksheet4/PRODUCTS worksheet6
  254  cp worksheet4/PRODUCTS/ worksheet6
  255  cp -R worksheet4/PRODUCTS/ worksheet6
  256  ls
  257  cd worksheet6/
  258  ls
  259  git status
  260  clear
  261  ls
  262  cd ..
  263  ls
  264  mv A6/* worksheet6
  265  ls
  266  ls A6
  267  rm A6
  268  rmdir A6
  269  ls
  270  cd worksheet6
  271  ls
  272  script ws6.txt
  273  ls
  274  history > cmds.log
  275  ls
  276  vi ws6.txt 
  277  head ws6.txt 
  278  clear
  279  git status
  280  cd ..
  281  ls
  282  git status
  283  git add .
  284  git commit -m "WS6"
  285  git push -u origin main
  286  tmux attach -t homework
  287  tmux attach -t A4
  288  clear
  289  ls
  290  ls A4
  291  cd A4
  292  head -n2 retweeted.tsv 
  293  head retweeted.tsv 
  294  cut -d$'\t' -f5,6
  295  cut -d$'\t' -f5,6 retweeted.tsv 
  296  cut -d$'\t' -f5,6 retweeted.tsv | head -n 100
  297  clear
  298  head -n 1 retweeted.tsv 
  299  head -n 2 retweeted.tsv 
  300  grep 1513654494504136709 retweeted.tsv 
  301  cut -d$'\t' -f6 retweeted.tsv | wc -l
  302  wc -l retweeted.tsv 
  303  cut -d$'\t' -f6 retweeted.tsv | uniq -c | wc -l
  304  cut -d$'\t' -f5 retweeted.tsv | uniq -c | wc -l
  305  cd
  306  ls
  307  cd git/worksheet1/
  308  ls
  309  cd A4
  310  ls
  311  grep retweets downloaded_tweets_extend_original_nolf2.tsv | head 
  312  grep retweets downloaded_tweets_extend_nolf2.tsv | head 
  313  grep retweeted downloaded_tweets_extend_nolf2.tsv | head 
  314  grep retweeted downloaded_tweets_extend_nolf2.tsv | cut -d$'\t' -f6 | head
  315  grep retweeted downloaded_tweets_extend_nolf2.tsv | cut -d$'\t' -f6 | sort | uniq -c
  316  grep retweeted downloaded_tweets_extend_nolf2.tsv | cut -d$'\t' -f5 | sort | uniq -c
  317  grep retweeted downloaded_tweets_extend_nolf2.tsv | cut -d$'\t' -f5 | sort | uniq -c | sort -nr | head
  318  grep 1497678663046905863 downloaded_tweets_extend_nolf2.tsv 
  319  clear
  320  ls
  321  head retweeted.tsv 
  322  cut -d$'\t' -f5 retweeted.tsv | head
  323  cut -d$'\t' -f5 retweeted.tsv | head | awk "{print $1}"
  324  cut -d$'\t' -f5 retweeted.tsv | head | awk "{print ${=* }"
  325  cut -d$'\t' -f5 retweeted.tsv | head | awk "{print ${=* }}"
  326  clear
  327  cd git/worksheet1/
  328  ls
  329  tmux attach -t homework
  330  ls
  331  pwd
  332  cp /home/test/A1/down*.tsv /home/huy/git/worksheet1/A4/
  333  cp /home/test/A1:down*.tsv /home/huy/git/worksheet1/A4/
  334  cp /home/test/A1/downloaded_tweets_extend_original_nolf2.tsv /home/huy/git/worksheet1/A4/
  335  ls
  336  cp /home/test/A1/downloaded_tweets_extend_nolf2.tsv /home/huy/git/worksheet1/A4/
  337  ls
  338  clear
  339  ll
  340  head downloaded_tweets_extend_nolf2.tsv 
  341  head downloaded_tweets_extend_original_nolf2.tsv 
  342  grep retweeted downloaded_tweets_extend_nolf2.tsv | head
  343  grep retweeted downloaded_tweets_extend_nolf2.tsv
  344  fgrep retweeted downloaded_tweets_extend_nolf2.tsv 
  345  clear
  346  fgrep retweeted downloaded_tweets_extend_nolf2.tsv | wc -l
  347  fgrep retweeted downloaded_tweets_extend_nolf2.tsv downloaded_tweets_extend_original_nolf2.tsv | wc -l
  348  fgrep retweeted downloaded_tweets_extend_*.tsv | wc -l
  349  grep retweeted downloaded_tweets_extend_original_nolf2.tsv | wc -l
  350  fgrep retweeted downloaded_tweets_extend_*.tsv > retweeted.tsv
  351  ls
  352  head retweeted.tsv 
  353  rm retweeted.tsv 
  354  ls
  355  head downloaded_tweets_extend_nolf2.tsv 
  356  head -n 1 downloaded_tweets_extend_nolf2.tsv 
  357  head -n 1 downloaded_tweets_extend_nolf2.tsv > retweeted.tsv
  358  fgrep retweeted downloaded_tweets_extend_nolf2.tsv >> retweeted.tsv 
  359  fgrep retweeted downloaded_tweets_extend_original_nolf2.tsv >> retweeted.tsv 
  360  head retweeted.tsv 
  361  clear
  362  ls
  363  head retweeted.tsv 
  364  cut -d$'\t' -f6 | head
  365  cut -d$'\t' -f6 retweeted.tsv | head
  366  cut -d$'\t' -f6 retweeted.tsv 
  367  clear
  368  head retweeted.tsv 
  369  clear
  370  ls
  371  cd ..
  372  ls
  373  cd A3
  374  ls
  375  head question1.txt 
  376  grep 1517251708090568707 question1.txt 
  377  cd A4
  378  cd ..
  379  cd A4
  380  ls
  381  clear
  382  head downloaded_tweets_extend_nolf2.tsv 
  383  cd ..
  384  cd A3
  385  ls
  386  cut -d, -f1 question1.txt | head
  387  cut -d, -f1 question1.txt | wc -l
  388  cut -d, -f1 question1.txt | sort | uniq -c | wc -l
  389  cut -d, -f1 question1.txt | sort | uniq -c | head
  390  cut -d, -f1 question1.txt | sort | uniq -c | sort -nr | head 
  391  grep 3453306553 question1.txt 
  392  cp question1.txt ../A4
  393  ls
  394  head question1.txt 
  395  cd ..
  396  clear
  397  ls
  398  cd A4
  399  ls
  400  head question1.
  401  ls question1*
  402  head question1.txt 
  403  head question1.graph.txt 
  404  head question1.retweets.txt 
  405  clear
  406  ls
  407  grep 3453306553 question1.txt 
  408  grep 3453306553 question1.txt > question5.userReply.csv
  409  head question5.userReply.csv 
  410  head question1.retweets.txt | head
  411  cut -d, -f1 question1.retweets.txt | sort | uniq -c | sort -nr | head 
  412  grep 177400353 question1.retweets.txt | head
  413  grep 177400353 question1.retweets.txt > question5.userRetweets.csv
  414  clear
  415  clear
  416  ls
  417  cd git/worksheet1/
  418  git status
  419  git add .
  420  git commit -m "A4"
  421  git push -u origin main
  422  cd A4
  423  ls
  424  cut -d, -f1 question1.retweets.txt | sort | uniq -c | sort -nr > question1.graph.txt
  425  tmux attach -t A4
  426  clear
  427  cd git/worksheet1/
  428  mkdir worksheet7
  429  ls
  430  cd worksheet7
  431  script ws7.txt
  432  tmux new-session -s WS7
  433  cd git/worksheet1/
  434  ls
  435  cd worksheet7/
  436  tmux attach -t WS7
  437  clear
  438  cd
  439  ls
  440  head -n amazon_reviews_us_Books_v1_02.tsv 
  441  head -n1 amazon_reviews_us_Books_v1_02.tsv 
  442  cut -d$'\t' -f4,13 amazon_reviews_us_Books_v1_02.tsv | head -n 1
  443  cut -d$'\t' -f4 amazon_reviews_us_Books_v1_02.tsv | head -n 1
  444  cut -d$'\t' -f4 amazon_reviews_us_Books_v1_02.tsv | sort | uniq -c | awk 'if ($1=100) print $1'
  445  cut -d$'\t' -f4 amazon_reviews_us_Books_v1_02.tsv | sort | uniq -c | awk '{if ($1=100) print $1}'
  446  cut -d$'\t' -f4 amazon_reviews_us_Books_v1_02.tsv | sort | uniq -c | awk 'if ($1=100) print $1,$2'
  447  cut -d$'\t' -f4 amazon_reviews_us_Books_v1_02.tsv | sort | uniq -c | awk '{if ($1=100) print $1,$2}'
  448  clear
  449  grep B000VYKDMA amazon_reviews_us_Books_v1_02.tsv | wc -l
  450  cat amazon_reviews_us_Books_v1_02.tsv | sort | grep B000VYKDMA | wc -l
  451  cut -d$'\t' -f2 amazon_reviews_us_Books_v1_02.tsv | head
  452  cut -d$'\t' -f4 amazon_reviews_us_Books_v1_02.tsv | head
  453  cut -d$'\t' -f4 amazon_reviews_us_Books_v1_02.tsv | sort | uniq -c | sort -nr | head
  454  grep 0312864590 amazon_reviews_us_Books_v1_02.tsv 
  455  clear
  456  cut -d$'\t' -f4,14 amazon_reviews_us_Books_v1_02.tsv | head
  457  cut -d$'\t' -f4,14 amazon_reviews_us_Books_v1_02.tsv | head -n 1
  458  cut -d$'\t' -f4,14 amazon_reviews_us_Books_v1_02.tsv | grep 0312864590 | head
  459  cut -d$'\t' -f4,14 amazon_reviews_us_Books_v1_02.tsv | grep 0312864590 | head -n 2
  460  cut -d$'\t' -f4,14 amazon_reviews_us_Books_v1_02.tsv | grep 0312864590 | head -n 1
  461  cut -d$'\t' -f4,14 amazon_reviews_us_Books_v1_02.tsv | grep 0312864590 | head > /git/worksheet1/worksheet7/0312864590.csv
  462  cut -d$'\t' -f4,14 amazon_reviews_us_Books_v1_02.tsv | grep 0312864590 | head > huyong/git/worksheet1/worksheet7/0312864590.csv
  463  cut -d$'\t' -f4,14 amazon_reviews_us_Books_v1_02.tsv | grep 0312864590 | head > huy/git/worksheet1/worksheet7/0312864590.csv
  464  cut -d$'\t' -f4,14 amazon_reviews_us_Books_v1_02.tsv | grep 0312864590 | head > /huy/git/worksheet1/worksheet7/0312864590.csv
  465  cut -d$'\t' -f4,14 amazon_reviews_us_Books_v1_02.tsv | grep 0312864590 | head > 0312864590.csv
  466  ls
  467  mv 0312864590.csv git/worksheet1/worksheet7/
  468  ls
  469  cd git/worksheet1/worksheet7
  470  ls
  471  head -n 1 0312864590.csv > 0312864590.1.csv
  472  head 0312864590.1.csv 
  473  head 0312864590.1.csv | sed 's/,//g'
  474  head 0312864590.1.csv | sed 's/!//g'
  475  head 0312864590.1.csv | sed 's/!//(/?/g'
  476  head 0312864590.1.csv | sed 's/(//g'
  477  head 0312864590.1.csv | sed 's/(//,//g'
  478  head 0312864590.1.csv | sed 's/(//g'
  479  head 0312864590.1.csv | sed 's/(//g;s/)/g'
  480  head 0312864590.1.csv | sed 's/(//g;s/)//g'
  481  head 0312864590.1.csv | sed 's/<*>//g'
  482  man sed
  483  clear
  484  ls
  485  cat 0312864590.1.csv | head
  486  cat 0312864590.1.csv | head -n 1
  487  cat 0312864590.1.csv | head -n 1 | sed 's|[<>,]||g'
  488  cat 0312864590.1.csv | head -n 1 | sed 's|,|g'
  489  cat 0312864590.1.csv | head -n 1 | sed 's|,||g'
  490  cat 0312864590.1.csv | head -n 1 | sed 's|,.;||g;s/and//g;s/if//g'
  491  cat 0312864590.1.csv | head -n 1 | sed 's|,.;||g;s/and//g'
  492  clear
  493  cat 0312864590.1.csv | sed 's/ and //g;s/ if //g'
  494  cat 0312864590.1.csv | sed -e 's/<[^>]*>//'
  495  cat 0312864590.1.csv | sed -e 's/<[^>]*>//g'
  496  clear
  497  ls
  498  cat 0312864590.csv | cut -d$'\t' -f2
  499  cat 0312864590.csv | cut -d$'\t' -f2 > 0312864590.productReview.txt
  500  ls
  501  clear
  502  ls
  503  cat 0312864590.productReview.txt | sed 's|.,;||g' | sed 's/ and //g;s/ if //g' | sed -e 's/<[^>]*>//g'
  504  cat 0312864590.productReview.txt | sed 's|.,;||g' | sed 's/ and //g;s/ if //g' | sed -e 's/<[^>]*>//g' > 0312864590.Result.txt
  505  cd git/worksheet1/worksheet6
  506  ls
  507  cd ..
  508  cd worksheet7
  509  ls
  510  tmux attach -t WS7
  511  clear
  512  ls
  513  history > cmd.log
  514  ls
  515  cd git/worksheet1/worksheet7
  516  ls
  517  vi ws7.txt 
  518  tmux attach -t WS7
  519  vi ws7.txt 
  520  cd ..
  521  git status
  522  cd worksheet1/
  523  git status
  524  git add .
  525  git commit -m "WS7"
  526  git push -u origin main
  527  tmux attach -t ws8
  528  tmux attach -t hw
  529  clear
  530  cd git/worksheet1/
  531  ls
  532  mkdir worksheet8
  533  ll
  534  cd
  535  ll
  536  rm custid.txt t.tsv 
  537  ls
  538  ll
  539  cd git/worksheet1/
  540  ls
  541  mkdir worksheet8
  542  ls
  543  cd worksheet8/
  544  ls
  545  clear
  546  tmux new-session -s hw
  547  clear
  548  cd
  549  clear
  550  ls
  551  head -n 300 amazon_reviews_us_Books_v1_02.tsv > amazon.tsv 
  552  ls
  553  mv amazon.tsv /user/huy/git/workclear
  554  ls
  555  script ws8.txt
  556  clear
  557  grep verified amazon.tsv 
  558  rm amazon.tsv 
  559  ls
  560  clear
  561  cd
  562  grep verified amazon_reviews_us_Books_v1_02.tsv | wc -l
  563  awk '{ print }' amazon_reviews_us_Books_v1_02.tsv 
  564  awk '{ if ($ == verified) print }' amazon_reviews_us_Books_v1_02.tsv 
  565  awk '/verified/{print}' amazon_reviews_us_Books_v1_02.tsv | wc -l
  566  awk '/verified/{print}' amazon_reviews_us_Books_v1_02.tsv | head
  567  grep verified amazon_reviews_us_Books_v1_02.tsv | wc -l
  568  awk '/verified/{print}' amazon_reviews_us_Books_v1_02.tsv | wc -l
  569  awk '/verified/{print}' amazon_reviews_us_Books_v1_02.tsv > verified.txt 
  570  ls
  571  rm verified.txt 
  572  awk '/verified/{print}' amazon_reviews_us_Books_v1_02.tsv > verified.txt 
  573  wc -l verified.txt 
  574  rm verified.txt 
  575  awk '/verified/{print}' amazon_reviews_us_Books_v1_02.tsv 
  576  awk '/verified/{print}' amazon_reviews_us_Books_v1_02.tsv | sort > verified.txt
  577  ls
  578  ll
  579  cd git/worksheet1/
  580  ls
  581  ll
  582  cd A4
  583  ls
  584  ll
  585  clear
  586  cd
  587  ls
  588  rm verified.txt 
  589  awk '/verified/{print}' amazon_reviews_us_Books_v1_02.tsv | head > verified.txt
  590  ls
  591  head verified.txt 
  592  clear
  593  ls
  594  awk '/unverified/{print}' amazon_reviews_us_Books_v1_02.tsv | head > unverified.txt
  595  ls
  596  grep unverified unverified.txt 
  597  clear
  598  ls
  599  head -n 1 amazon_reviews_us_Books_v1_02.tsv 
  600  cut -d$'\t' -f14 amazon_reviews_us_Books_v1_02.tsv | head -n 1
  601  cut -d$'\t' -f14 amazon_reviews_us_Books_v1_02.tsv | head -n 10
  602  cut -d$'\t' -f14 amazon_reviews_us_Books_v1_02.tsv | head -n 1
  603  head -n 2 amazon_reviews_us_Books_v1_02.tsv | sed 's/ /\n/g' 
  604  sed 's/ /\n/g' amazon_reviews_us_Books_v1_02.tsv 
  605  clear
  606  sed 's|,.;||g;s/<[^>]*>//g' amazon_reviews_us_Books_v1_02.tsv 
  607  sed 's|,.;||g;s/<[^>]*>//g;s/ */ /g' amazon_reviews_us_Books_v1_02.tsv 
  608  head -n 1 amazon_reviews_us_Books_v1_02.tsv | sed 's|,.;||g;s/<[^>]*>//g;s/ */ /g' 
  609  head -n 1 amazon_reviews_us_Books_v1_02.tsv | sed 's|,.;||g;s/<[^>]*>//g;s/\t/ /g' 
  610  head -n 2 amazon_reviews_us_Books_v1_02.tsv | sed 's|,.;||g;s/<[^>]*>//g;s/\t/ /g' 
  611  head -n 2 amazon_reviews_us_Books_v1_02.tsv | sed 's|,.;"||g;s/<[^>]*>//g;s/\t/ /g' 
  612  head -n 2 amazon_reviews_us_Books_v1_02.tsv | sed 's|,.;"||g;s/<[^>]*>//g;s/\t/ /g;s/ /\n/g' 
  613  head -n 2 amazon_reviews_us_Books_v1_02.tsv | sed 's/<[^>]*>//g;s/\t/ /g;s/ /\n/g;s|."||g' 
  614  head -n 2 amazon_reviews_us_Books_v1_02.tsv | sed 's/<[^>]*>//g;s/\t/ /g;s/ /\n/g;s|."|g' 
  615  head -n 2 amazon_reviews_us_Books_v1_02.tsv | sed 's/<[^>]*>//g;s/\t/ /g;s/ /\n/g;s/.//g' 
  616  head -n 2 amazon_reviews_us_Books_v1_02.tsv | sed 's/<[^>]*>//g;s/\t/ /g;s/ /\n/g;s/"."//g' 
  617  head -n 2 amazon_reviews_us_Books_v1_02.tsv | sed 's/<[^>]*>//g;s/\t/ /g;s/ /\n/g' 
  618  head -n 2 amazon_reviews_us_Books_v1_02.tsv | sed 's/<[^>]*>//g;s/\t/ /g;s/ /\n/g;s/ //g' 
  619  head -n 2 amazon_reviews_us_Books_v1_02.tsv | sed 's/<[^>]*>//g;s/\t/ /g;s/ /\n/g'
  620  clear
  621  clear
  622  head -n 2 amazon_reviews_us_Books_v1_02.tsv | sed 's/<[^>]*>//g;s/\t/ /g;s/ /\n/g'
  623  head -n 2 amazon_reviews_us_Books_v1_02.tsv | sed '/^[[:space:]]*$/d'
  624  head -n 2 amazon_reviews_us_Books_v1_02.tsv | sed 's/<[^>]*>//g;s/\t/ /g;s/ /\n/g;'/^[[:space:]]*$/d'
  625  head -n 2 amazon_reviews_us_Books_v1_02.tsv | sed 's/<[^>]*>//g;s/\t/ /g;s/ /\n/g;/^[[:space:]]*$/d'
  626  head -n 2 amazon_reviews_us_Books_v1_02.tsv | sed 's/<[^>]*>//g;s/\t/ /g;s/ /\n/g'
  627  clear
  628  head -n 2 amazon_reviews_us_Books_v1_02.tsv | 
  629  head -n 2 amazon_reviews_us_Books_v1_02.tsv | cat
  630  clear
  631  head -n amazon_reviews_us_Books_v1_02.tsv | tr -d '[:punct:]'
  632  head amazon_reviews_us_Books_v1_02.tsv | tr -d '[:punct:]'
  633  head amazon_reviews_us_Books_v1_02.tsv | tr -d '[:punct:]' | sed 's/ \+/ /g'
  634  head amazon_reviews_us_Books_v1_02.tsv | tr -d '[:punct:]' | sed 's/ \+/ /g' | sed 's/\t/ /g'
  635  head amazon_reviews_us_Books_v1_02.tsv | tr -d '[:punct:]' | sed 's/ \+/ /g' | sed 's/\t/ /g' | sed 's/ /\n/g'
  636  cat amazon_reviews_us_Books_v1_02.tsv | tr -d '[:punct:]' | sed 's/ \+/ /g' | sed 's/\t/ /g' | sed 's/ /\n/g' | sort | uniq -c | sort -nr
  637  cat verified.txt | tr -d '[:punct:]' | sed 's/ \+/ /g' | sed 's/\t/ /g' | sed 's/ /\n/g' | sort | uniq -c | sort -nr
  638  cat verified.txt | tr -d '[:punct:]' | sed 's/ \+/ /g' | sed 's/\t/ /g' | sed 's/ /\n/g' | sort | uniq -c | sort -nr | head -n 10
  639  cat verified.txt | tr -d '[:punct:]' | sed 's/ \+/ /g' | sed 's/\t/ /g' | sed 's/ /\n/g' | sort | uniq -c | sort -nr | head -n 10 > most10WordsInVerified.txt
  640  clear
  641  ls
  642  ll
  643  cd git/worksheet1/
  644  ls
  645  ll
  646  cd
  647  ls *ver
  648  ls *ver*.txt
  649  mv *ver*.txt /home/huy/git/worksheet1/worksheet8
  650  ls
  651  cd git/worksheet1/worksheet8
  652  ls
  653  history > cmds.log
  654  df -H
  655  clear
  656  ls
  657  cd
  658  ll
  659  clear
  660  ll
  661  cd git/worksheet1/
  662  ls
  663  ll
  664  cd A4
  665  ls
  666  cd
  667  clear
  668  hf -H
  669  df -H
  670  owd
  671  pwd
  672  ll
  673  cd
  674  cd /home/
  675  ll
  676  free
  677  meminfo
  678  ll
  679  clear
  680  cd 
  681  cd git/worksheet1/worksheet8/
  682  ls
  683  history > cmds.log
  684  cd ~/mnt/sratch
  685  cd
  686  ls
  687  cd ..
  688  ls
  689  cd ..
  690  ls
  691  cd mnt/
  692  ls
  693  cd scratch/
  694  ls
  695  cd huy/
  696  ls
  697  clear
  698  mkdir git
  699  ls
  700  cd git/
  701  mkdir ws8
  702  ls
  703  cd ws8/
  704  ls
  705  clear
  706  cd
  707  ls
  708  clear
  709  cd
  710  ls
  711  cd
  712  mv amazon_reviews_us_Books_v1_02.tsv ~/mnt/sratch/huy
  713  cd ..
  714  cd ../..
  715  ls
  716  cd
  717  cd ~///mnt
  718  cd ~//mnt
  719  cd ..
  720  pwd
  721  cd ..
  722  ls
  723  pwd
  724  cd
  725  cd ~/mnt
  726  cd /mnt
  727  ls
  728  clear
  729  cd
  730  ls
  731  mv amazon_reviews_us_Books_v1_02.tsv /mnt/scratch/huy
  732  ls
  733  cd git/worksheet1/
  734  ls
  735  cd
  736  cd git/
  737  ls
  738  mv worksheet1 /mnt/scratch/huy
  739  ls
  740  cd /mnt/scratch/huy
  741  ls
  742  cd git/
  743  ls
  744  cd ..
  745  ls
  746  ls worksheet1/
  747  rm git
  748  ls
  749  rm -r git
  750  ls
  751  clear
  752  ls
  753  cd worksheet1/
  754  ls
  755  cd worksheet8/
  756  ls
  757  history > cmds.log
  758  ls
  759  clear
  760  tmux attach -t hw
  761  ssh huy@172.31.197.164
  762  clear
  763  ls
  764  cd /mnt/scratch/huy
  765  ls
  766  cd worksheet1/
  767  ls
  768  cd worksheet8
  769  ls
  770  ll
  771  head ws8.txt 
  772  head cmds.log 
  773  cat cmds.log >> ws8.txt 
  774  ll
  775  clear
  776  cat ws8.txt 
  777  clear
  778  ls
  779  clear
  780  array = ( I a an as at the by in for of on that )
  781  array=( I a an as at the by in for of on that  )
  782  echo array
  783  echo $array 
  784  for i in "${array[@]}"; do echo $i; done
  785  cat verified.txt | tr -d '[:punct:]' | sed 's/ \+/ /g' | sed 's/\t/ /g' | sed 's/ /\n/g' > most10WordsInVerified.txt
  786  head most10WordsInVerified.txt 
  787  for i in "${array[@]}";  do sed -i -e "s/\<$i\>\s*//g" most10WordsInVerified.txt ; done
  788  cat most10WordsInVerified.txt | sort | uniq -c | sort -nr | head -n 10
  789  clear
  790  ls
  791  rm most10WordsInVerified.txt 
  792  cat verified.txt | tr -d '[:punct:]' | sed 's/ \+/ /g' | sed 's/\t/ /g' | sed 's/ /\n/g' | sort | uniq -c | sort -nr | head -n 10 > most10WordsInVerified.txt
  793  ls
  794  clear
  795  cat most10WordsInVerified.txt 
  796  rm most10WordsInVerified.txt 
  797  cat verified.txt | tr -d '[:punct:]' | sed 's/ \+/ /g' | sed 's/\t/ /g' | sed 's/ /\n/g' | sort | uniq -c | sort -nr > most10WordsInVerified.txt
  798  cat most10WordsInVerified.txt 
  799  clear
  800  cat most10WordsInVerified.txt | sort | uniq -c | sort -nr
  801  cat most10WordsInVerified.txt | sort | uniq -c | sort -nr | head
  802  ls
  803  clear
  804  rm most10WordsInVerified.txt 
  805  cat verified.txt | tr -d '[:punct:]' | sed 's/ \+/ /g' | sed 's/\t/ /g' | sed 's/ /\n/g' | sort | uniq -c | sort -nr > most10WordsInVerified.txt
  806  ls
  807  clear
  808  head most10WordsInVerified.txt 
  809  head -n 20 most10WordsInVerified.txt 
  810  head -n 50 most10WordsInVerified.txt 
  811  clear
  812  ls
  813  rm most10WordsInVerified.txt 
  814  ls
  815  cat verified.txt | tr -d '[:punct:]' | sed 's/ \+/ /g' | sed 's/\t/ /g' | sed 's/ /\n/g' | sort | uniq -c | sort -nr > most10WordsInVerified.txt
  816  for i in "${array[@]}"; do     sed -i -e "s/\<$i\>\s*//g" most10WordsInVerified.txt; done
  817  head most10WordsInVerified.txt 
  818  clear
  819  rm most10WordsInVerified.txt 
  820  ls
  821  clear
  822  cat verified.txt | tr -d '[:punct:]' | sed 's/ \+/ /g' | sed 's/\t/ /g' | sed 's/ /\n/g' > most10WordsInVerified.txt
  823  ls
  824  head most10WordsInVerified.txt 
  825  for i in "${array[@]}"; do     sed -i -e "s/\<$i\>\s*//g" most10WordsInVerified.txt; done
  826  cat most10WordsInVerified.txt | sort | uniq -c | sort -nr | head
  827  clear
  828  ls
  829  array=( I a an as at the by in for of on that and to is with br this be The)
  830  for i in "${array[@]}"; do     sed -i -e "s/\<$i\>\s*//g" most10WordsInVerified.txt; done
  831  cat most10WordsInVerified.txt 
  832  for i in "${array[@]}"; do     sed -i -e "s/\<$i\>\s*//g;/^$/d" most10WordsInVerified.txt; done
  833  cat most10WordsInVerified.txt 
  834  clear
  835  cat most10WordsInVerified.txt | sort | uniq -c | sort -nr 
  836  cat most10WordsInVerified.txt | sort | uniq -c | sort -nr | head
  837  clear
  838  rm most10WordsInVerified.txt 
  839  ls
  840  clear
  841  ls
  842  rm unverified.txt 
  843  ls
  844  cd ..
  845  ls
  846  awk '/unverified/{print}' amazon_reviews_us_Books_v1_02.tsv | head > unverified.txt
  847  mv unverified.txt /mnt/scratch/huy/worksheet1/worksheet8/
  848  ls
  849  cd worksheet1/worksheet8/
  850  ls
  851  clear
  852  cat verified.txt | tr -d '[:punct:]' | sed 's/ \+/ /g' | sed 's/\t/ /g' | sed 's/ /\n/g' > most10WordsInVerified.txt
  853  cat unverified.txt | tr -d '[:punct:]' | sed 's/ \+/ /g' | sed 's/\t/ /g' | sed 's/ /\n/g' > most10WordsInUnverified.txt
  854  ls
  855  for i in "${array[@]}"; do     sed -i -e "s/\<$i\>\s*//g;/^$/d" most10WordsInVerified.txt; done
  856  for i in "${array[@]}"; do     sed -i -e "s/\<$i\>\s*//g;/^$/d" most10WordsInUnverified.txt; done
  857  ls
  858  clear
  859  cat most10WordsInUnverified.txt | sort | uniq -c | sort -nr | head
  860  ls
  861  clear
  862  vi ws8.txt 
  863  head ws8.txt 
  864  cd ..
  865  ls
  866  clear
  867  git status
  868  git add .
  869  git commit -m "ws8"
  870  git push -u origin main
  871  ls
  872  clear
  873  ls
  874  which bash
  875  vi randomsample.sh
  876  ls
  877  chmod u+x randomsample.sh 
  878  ./randomsample.sh 
  879  vi randomsample.sh 
  880  ./randomsample.sh 1 a
  881  cd ..
  882  ls
  883  cd ..
  884  pwd
  885  ls
  886  mv amazon_reviews_us_Books_v1_02.tsv /mnt/scratch/huy/worksheet1/worksheet9/
  887  cd worksheet1/worksheet9/
  888  ls
  889  ./randomsample.sh 1 amazon_reviews_us_Books_v1_02.tsv 
  890  ./randomsample.sh 2 amazon_reviews_us_Books_v1_02.tsv 
  891  clear
  892  ./randomsample.sh 
  893  ./randomsample.sh 2
  894  vi randomsample.sh 
  895  ./randomsample.sh 
  896  ./randomsample.sh 12 amazon_reviews_us_Books_v1_02.tsv 
  897  ./randomsample.sh 1 amazon_reviews_us_Books_v1_02.tsv 
  898  clear
  899  ./randomsample.sh 111 amazon_reviews_us_Books_v1_02.tsv 
  900  vi randomsample.sh 
  901  ./randomsample.sh 1 amazon_reviews_us_Books_v1_02.tsv 
  902  vi randomsample.sh 
  903  ./randomsample.sh 1 amazon_reviews_us_Books_v1_02.tsv 
  904  i randomsample.sh 
  905  vi randomsample.sh 
  906  ./randomsample.sh 1 amazon_reviews_us_Books_v1_02.tsv 
  907  vi randomsample.sh 
  908  ./randomsample.sh 1 amazon_reviews_us_Books_v1_02.tsv 
  909  ./randomsample.sh 5 amazon_reviews_us_Books_v1_02.tsv 
  910  vi randomsample.sh 
  911  ./randomsample.sh 5 amazon_reviews_us_Books_v1_02.tsv 
  912  vi randomsample.sh 
  913  ./randomsample.sh 123 amazon_reviews_us_Books_v1_02.tsv 
  914  ./randomsample.sh 5 amazon_reviews_us_Books_v1_02.tsv 
  915  vi randomsample.sh 
  916  ./randomsample.sh 5 amazon_reviews_us_Books_v1_02.tsv 
  917  vi randomsample.sh 
  918  ./randomsample.sh 5 amazon_reviews_us_Books_v1_02.tsv 
  919  vi randomsample.sh 
  920  ./randomsample.sh 5 amazon_reviews_us_Books_v1_02.tsv 
  921  vi randomsample.sh 
  922  ./randomsample.sh 5 amazon_reviews_us_Books_v1_02.tsv 
  923  vi randomsample.sh 
  924  ./randomsample.sh 5 amazon_reviews_us_Books_v1_02.tsv 
  925  vi randomsample.sh 
  926  ./randomsample.sh 1 amazon_reviews_us_Books_v1_02.tsv 
  927  vi randomsample.sh 
  928  ./randomsample.sh 1 amazon_reviews_us_Books_v1_02.tsv 
  929  vi randomsample.sh 
  930  ./randomsample.sh 1 amazon_reviews_us_Books_v1_02.tsv 
  931  vi randomsample.sh 
  932  ./randomsample.sh 1 amazon_reviews_us_Books_v1_02.tsv 
  933  ./randomsample.sh 3 amazon_reviews_us_Books_v1_02.tsv 
  934  clear
  935  vi randomsample.sh 
  936  cat randomsample.sh 
  937  ls
  938  vi ws9.txt 
  939  script ws9.txt
  940  head ws9.txt 
  941  vi ws9.txt 
  942  clear
  943  ls
  944  mv amazon_reviews_us_Books_v1_02.tsv /../mnt/scratch/huy/
  945  ls
  946  history > cmds.log
  947  ls
  948  clear
  949  head ws9.txt 
  950  clear
  951  head randomsample.sh 
  952  clear
  953  ls
  954  head cmds.log 
  955  clear
  956  cd ..
  957  ls
  958  cd ..
  959  ls
  960  cd worksheet1/
  961  ls
  962  git status
  963  git add .
  964  git status
  965  git commit -m "worksheet9"
  966  git push -u origin main
  967  cd ~/mnt/sratch
  968  cd /mnt/scratch/
  969  ls
  970  cd h
  971  cd huy/
  972  ls
  973  clear
  974  cd worksheet1/
  975  ls
  976  mkdir worksheet9
  977  ls
  978  cd worksheet9
  979  ls
  980  tmux new-session -s homework
  981  tmux new-session -s worksheet9
  982  ls
  983  cd ..
  984  ls
  985  cd ..
  986  ls
  987  cd mnt/scratch/
  988  ls
  989  cd huy/
  990  ls
  991  clear
  992  cd worksheet1/
  993  ls
  994  clear
  995  ls
  996  clear
  997  ls
  998  cd /mnt/scratch/huy/
  999  ls
 1000  clear
 1001  script a5.txt
 1002  clear
 1003  ll
 1004  rm downloaded_tweets_extend_nolf2.tsv 
 1005  ll
 1006  vi a5.txt 
 1007  ll
 1008  clear
 1009  history > cmds.log
