   10  cat question1.csv | cut -d , -f1 | sort | uniq -c | sort -nr | awk '{print$1}'
   11  cat question1.csv | cut -d , -f1 | sort | uniq -c | sort -nr | awk '{$1 > 3 print $1 $2}'
   12  cat question1.csv | cut -d , -f1 | sort | uniq -c | sort -nr | awk '{if $1 > 3 print $1 $2}'
   13  cat question1.csv | cut -d , -f1 | sort | uniq -c | sort -nr | awk '{if ($1 > 3) print $1 $2}'
   14  cat question1.csv | cut -d , -f1 | sort | uniq -c | sort -nr | awk '{if ($1 > 3) print $2}'
   15  cat question1.csv | cut -d , -f1 | sort | uniq -c | sort -nr | awk '{if ($1 > 3) print $2}' | wc -l
   16  cat question1.csv | cut -d , -f1 | sort | uniq -c | sort -nr | awk '{if ($1 > 3) print $2}' | head
   17  ls
   18  clear
   19  ls
   20  head question1.csv 
   21  clear
   22  ls
   23  clear
   24  tmux attach -t homework
   25  clear
   26  cd git/worksheet1/A3
   27  ls
   28  head question2.txt 
   29  cat question2.txt | cut -d' ' -f2 | head
   30  rm question2.txt 
   31  ls
   32  cat question1.txt | cut -d, -f1 | sort | uniq -c | sort -nr | awk '{if ($1 > 3) print $2,$1}' > question2.txt
   33  ls
   34  head question2.txt 
   35  cat question2.txt | cut -d' ' -f2 | uniq -c | awk '{t=$1;$1=$2;$2=t;print;}' > question3.txt
   36  ls 
   37  head question3.txt 
   38  clear
   39  head downloaded_tweets_extend_original_nolf2.tsv 
   40  head -n 1 downloaded_tweets_extend_original_nolf2.tsv 
   41  head -n1 downloaded_tweets_extend_nolf2.tsv 
   42  cat downloaded_tweets_extend_original_nolf2.tsv | cut -d$'\t' -f3 | head
   43  cat downloaded_tweets_extend_original_nolf2.tsv | cut -d$'\t' -f4 | head
   44  cat downloaded_tweets_extend_original_nolf2.tsv | cut -d$'\t' -f5 | head
   45  cat downloaded_tweets_extend_original_nolf2.tsv | cut -d$'\t' -f6 | head
   46  cat downloaded_tweets_extend_original_nolf2.tsv | cut -d$'\t' -f7 | head
   47  clear
   48  cat downloaded_tweets_extend_original_nolf2.tsv | cut -d$'\t' -f1 | head
   49  cat downloaded_tweets_extend_original_nolf2.tsv | cut -d$'\t' -f2 | head
   50  cat downloaded_tweets_extend_original_nolf2.tsv | cut -d$'\t' -f3 | head
   51  cat downloaded_tweets_extend_original_nolf2.tsv | cut -d$'\t' -f4 | head
   52  cat downloaded_tweets_extend_original_nolf2.tsv | cut -d$'\t' -f5 | head
   53  clear
   54  cat downloaded_tweets_extend_original_nolf2.tsv | cut -d$'\t' -f5 | head
   55  clear
   56  head downloaded_tweets_extend_original_nolf2.tsv | head -n1
   57  cat downloaded_tweets_extend_original_nolf2.tsv | cut -d$'\t' -f2,4,6 | head
   58  cat downloaded_tweets_extend_original_nolf2.tsv | cut -d$'\t' -f2\,6 | head
   59  rm downloaded_tweets_extend_*
   60  ls
   61  cp home/test/A1/downloaded_tweets_extend_original_nolf2.tsv git/worksheet1/A3
   62  cp /home/test/A1/downloaded_tweets_extend_original_nolf2.tsv git/worksheet1/A3
   63  cp /home/test/A1/downloaded_tweets_extend_original_nolf2.tsv /git/worksheet1/A3
   64  cp /home/test/A1/downloaded_tweets_extend_original_nolf2.tsv /home/huy/git/worksheet1/A3
   65  ls
   66  cat downloaded_tweets_extend_original_nolf2.tsv | cut -d$'\t' -f2,4,6 | head
   67  cat downloaded_tweets_extend_original_nolf2.tsv | cut -d$'\t' -f2,4,6 | awk '{print $2 }' | head
   68  cat downloaded_tweets_extend_original_nolf2.tsv | cut -d$'\t' -f2,4,6 | awk '{if ($3!="") print $1,$2,$3 }' | head
   69  cat downloaded_tweets_extend_original_nolf2.tsv | cut -d$'\t' -f2,4,6 | awk '{if ($3!="") print $1,$2,$3 }' | sort | head
   70  cat downloaded_tweets_extend_original_nolf2.tsv | cut -d$'\t' -f2,4,6 | awk '{if ($3!="") print $1,$2,$3 }' | sort | wc -l 
   71  cat downloaded_tweets_extend_original_nolf2.tsv | cut -d$'\t' -f2,4,6 | awk '{if ($1!=$3 && $3!="") print $1,$2,$3 }' | sort | wc -l 
   72  cat downloaded_tweets_extend_original_nolf2.tsv | cut -d$'\t' -f2,4,6 | awk '{if ($1!=$3 && $3!="") print $2 }' | sort | wc -l 
   73  cat downloaded_tweets_extend_original_nolf2.tsv | cut -d$'\t' -f2,4,6 | awk '{if ($1!=$3 && $3!="") print $2 }' | sort | head
   74  cat downloaded_tweets_extend_original_nolf2.tsv | cut -d$'\t' -f2,4,6 | awk '{if ($1!=$3 && $3!="") print $2 }' | sort | tail
   75  cat downloaded_tweets_extend_original_nolf2.tsv | cut -d$'\t' -f2,4,6 | awk '{if ($1!=$3 && $3!="") print $2 }' | sort | sed 's/"/''/g; s/,/\n/g' | head
   76  cat downloaded_tweets_extend_original_nolf2.tsv | cut -d$'\t' -f2,4,6 | awk '{if ($1!=$3 && $3!="") print $2 }' | sort | sed 's/"/''/g; s/,/\n/g' | tail
   77  clear
   78  cat downloaded_tweets_extend_original_nolf2.tsv | cut -d$'\t' -f2,4,6 | awk '{if ($1!=$3 && $3!="") print $2 }' | sort | tail
   79  cat downloaded_tweets_extend_original_nolf2.tsv | cut -d$'\t' -f2,4,6 | awk '{if ($1!=$3 && $3!="") print $2 }' | sort | sed 's/"/''/g; s/,/\n/g' | tail
   80  cat downloaded_tweets_extend_original_nolf2.tsv | cut -d$'\t' -f2,4,6 | awk '{if ($1!=$3 && $3!="") print $2 }' | sort | sed 's/"/''/g; s/,/\n/g' | sort | uniq -c | sort -nr | head
   81  cat downloaded_tweets_extend_original_nolf2.tsv | cut -d$'\t' -f2,4,6 | awk '{if ($1!=$3 && $3!="") print $2 }' | sort | sed 's/"/''/g; s/,/\n/g' | sort | uniq -c | sort -nr | head -n 30 
   82  cat downloaded_tweets_extend_original_nolf2.tsv | cut -d$'\t' -f2,4,6 | awk '{if ($1!=$3 && $3!="") print $2 }' | sort | sed 's/"/''/g; s/,/\n/g' | sort | uniq -c | sort -nr | head -n 30 > question4.txt
   83  head question4
   84  head question4.txt 
   85  cat downloaded_tweets_extend_original_nolf2.tsv | cut -d$'\t' -f4 | head
   86  cat downloaded_tweets_extend_original_nolf2.tsv | cut -d$'\t' -f4 | head | sort | sed 's/"/''/g; s/,/\n/g' | sort | uniq -c | sort -nr | head
   87  cat downloaded_tweets_extend_original_nolf2.tsv | cut -d$'\t' -f4 | sort | sed 's/"/''/g; s/,/\n/g' | sort | uniq -c | sort -nr | head
   88  cat downloaded_tweets_extend_original_nolf2.tsv | cut -d$'\t' -f4 | sort | sed 's/"/''/g; s/,/\n/g' | sort | uniq -c | sort -nr | head -n 30 question4.SupportA2.txt
   89  cat downloaded_tweets_extend_original_nolf2.tsv | cut -d$'\t' -f4 | sort | sed 's/"/''/g; s/,/\n/g' | sort | uniq -c | sort -nr | head -n 30 > question4.SupportA2.txt
   90  ls
   91  cat question4.SupportA2.txt 
   92  clear
   93  diff cat question1.txt cat question2.txt 
   94  cat question4.txt | awk '{print $2}' | headc
   95  cat question4.txt | awk '{print $2}' | head
   96  cat question4.txt | awk '{print $2}' > question4.1.txt
   97  cat question4.SupportA2.txt | awk '{print $2}' > question4.2.txt
   98  diff question4.1.txt question4.2.txt 
   99  clear
  100  diff question4.1.txt question4.2.txt 
  101  clear
  102  diff question4.1.txt question4.2.txt | head 
  103  ls
  104  clear
  105  ls
  106  cd git/worksheet1/A3
  107  ls
  108  diff question4.1.txt question4.2.txt > diffQuestion4.txt
  109  head diffQuestion4.txt 
  110  clear
  111  ls
  112  cat a3* > a3.txt
  113  ls
  114  vi a3.txt 
  115  head a3.txt 
  116  clear
  117  git status
  118  git add .
  119  git commit -m "A3"
  120  git push -u origin main
  121  clear
  122  man diff
  123  soft -u question4.1.txt question4.2.txt | head
  124  sort -u question4.1.txt question4.2.txt | head
  125  grep ableg question4.1.txt 
  126  grep ableg question4.2.txt 
  127  sort -u question4.1.txt question4.2.txt
  128  grep -v question4.1.txt question4.2.txt | head
  129  diff question4.1.txt question4.2.txt 
  130  diff question4.1.txt question4.2.txt | grep -e '^> ' | sed 's/^> //'
  131  grep Russia question4.1.txt 
  132  man grep
  133  diff question4.1.txt question4.2.txt 
  134  grep LongCovid question4.2.txt 
  135  grep LongCovid question4.1.txt 
  136  grep BCCRSS question4.1.txt 
  137  grep BCCRSS question4.2.txt 
  138  grep IStandWithUkraine question4.2.txt 
  139  DemVoice1
  140  grep DemVoice1 question4.2.txt 
  141  clear
  142  comm -3 question4.1.txt question4.2.txt 
  143  comm -3 question4.1.txt question4.2.txt | sed 's/^\t//'
  144  sort < question4.1.txt > question4.1.txt 
  145  sort < question4.2.txt > question4.2.txt 
  146  comm -3 question4.1.txt question4.2.txt | sed 's/^\t//'
  147  comm -3 question4.1.txt question4.2.txt 
  148  cat question4.1.txt 
  149  cat question4.txt | awk '{print $2}' | sort > question4.1.txt
  150  cat question4.SupportA2.txt | awk '{print $2}' | sort > question4.2.txt
  151  comm -3 question4.1.txt question4.2.txt 
  152  comm -3 question4.1.txt question4.2.txt | sed 's/^\t//'
  153  grep OhmThitiwat question4.1.txt 
  154  grep OhmThitiwat question4.2.txt 
  155  man comm
  156  clear
  157  ls
  158  rm downloaded_tweets_extend_original_nolf2.tsv 
  159  ls
  160  vi a3.txt 
  161  git status
  162  git add .
  163  git commit -m "A3"
  164  git push -u origin main
  165  clear
  166  comm -3 question4.1.txt question4.2.txt | sed 's/^\t//’ > question4.answer.txt
  167  comm -3 question4.1.txt question4.2.txt | sed 's/^\t//’
  168  clear
  169  clear
  170  ls
  171  comm -3 question4.1.txt question4.2.txt | sed 's/^\t//’
  172  cd git/worksheet1/A3/
  173  ls
  174  cat question4.1.txt 
  175  comm -3 question4.1.txt question4.2.txt | sed 's/^\t//’
  176  comm -3 question4.1.txt question4.2.txt | sed 's/^\t//’ > question4.answer.txt
  177  head question4.1.txt 
  178  head question4.2.txt 
  179  ls
  180  rm diffQuestion4.txt 
  181  ls
  182  clear
  183  comm -3 question4.1.txt question4.2.txt | sed 's/^\t//’ | head
  184  comm -3 question4.1.txt question4.2.txt | sed 's/^\t//' > quenstion4.answer.txt
  185  ls
  186  vi a3.txt 
  187  clear
  188  git status
  189  git add .
  190  git commit -m "A3"
  191  git push -u origin main
  192  head question4.a
  193  head question4.answer.txt
  194  ls
  195  head quenstion4.answer.txt 
  196  clear
  197  ls
  198  cp quenstion4.answer.txt question4.answer.txt
  199  ls
  200  rm quenstion4.answer.txt 
  201  ls
  202  cat question4.answer.txt 
  203  clear
  204  grep dogs question4.1.txt 
  205  grep dogs question4.2.txt 
  206  clear
  207  git status
  208  git add .
  209  git commit -m "A3"
  210  git push -u origin main
  211  cd
  212  ls
  213  head -n 1 amazon_reviews_us_Books_v1_02.tsv 
  214  for i in {1..5}; do echo hello; end; done
  215  for i in {1..5}; do echo hello; done
  216  head amazon_reviews_us_Books_v1_02.tsv 
  217  head -n 2 amazon_reviews_us_Books_v1_02.tsv 
  218  cat amazon_reviews_us_Books_v1_02.tsv | cut -d$\'t' -f2,3 | head
  219  cat amazon_reviews_us_Books_v1_02.tsv | cut -d$
  220  cat amazon_reviews_us_Books_v1_02.tsv | cut -d$'\t' -f2,3 | head
  221  cat amazon_reviews_us_Books_v1_02.tsv | cut -d$'\t' -f2 | sort | uniq -c | sort -nr | head
  222  cut -d$'\t' -f2 amazon_reviews_us_Books_v1_02.tsv | head
  223  cut -d$'\t' -f2 amazon_reviews_us_Books_v1_02.tsv | sort | uniq -c | sort -nr | head
  224  head -n 1000 amazon_reviews_us_Books_v1_02.tsv | cut -d$'\t' -f2 
  225  head -n 1000 amazon_reviews_us_Books_v1_02.tsv | cut -d$'\t' -f2 | for i in {1..5}; do print ; done
  226  head -n 1000 amazon_reviews_us_Books_v1_02.tsv | cut -d$'\t' -f2 | for i in {1..5}; do print $0 ; done
  227  cat amazon_reviews_us_Books_v1_02.tsv | cut -d$'\t' -f2 | sort | uniq -c | sort -nr | awk '{print $2}' | head 
  228  cd git/worksheet1/worksheet4/
  229  ls
  230  cd CUSTOMERS/
  231  ls
  232  cd
  233  cut -d$'\t' -f2 amazon_reviews_us_Books_v1_02.tsv | head
  234  cut -d$'\t' -f2 amazon_reviews_us_Books_v1_02.tsv | sort | uniq -c | sort -nr | head -n 1000 > custid.txt
  235  ls
  236  head custid.txt 
  237  cat custid.txt | awk '{print $2}' | head
  238  cat custid.txt | awk '{print $2}' > git/worksheet1/worksheet5/custid.txt
  239  ls
  240  cd git/worksheet1/worksheet5/
  241  ls
  242  head custid.txt 
  243  wc -l custid.txt 
  244  for i in {1..10}; echo hello
  245  for i in {1..10};  do  echo hello; done
  246  while read custid.txt ; do  echo hello; done
  247  for id in $(cat custid.txt); do echo $id; done
  248  ls
  249  mkdir CUSTOMERSID
  250  ls
  251  for id in $(cat custid.txt); do mkdir CUSTOMERSID/$id.txt; done
  252  ls
  253  cd CUSTOMERSID/
  254  ls
  255  cd ..
  256  tmux new-session -homework
  257  tmux new-session -s ws5
  258  clear
  259  ls
  260  cd git/worksheet1/
  261  ls
  262  mkdir worksheet5
  263  cd worksheet5/
  264  ls
  265  script ws5.txt
  266  clear
  267  ls
  268  cd
  269  cd git/
  270  ls
  271  cd worksheet1/
  272  ls
  273  cd worksheet5
  274  ls
  275  clear
  276  git status
  277  cd
  278  cd git/worksheet1/
  279  git status
  280  git add .
  281  cd worksheet5/
  282  ls
  283  vi ws5.txt 
  284  head ws5.txt 
  285  cd ..
  286  ls
  287  git status
  288  git add .
  289  git status
  290  git commit -m "WS5"
  291  git push -u origin main
  292  cd worksheet5
  293  ls
  294  git status
  295  cd CUSTOMERSID/
  296  ls
  297  ls -la
  298  cd ..
  299  ls -lh CUSTOMERSID/
  300  la -al CUSTOMERSID/
  301  ls -al CUSTOMERSID/
  302  clear
  303  du -sh .bashrc /tmp
  304  ls -s 
  305  ls -la 
  306  cd
  307  git status
  308  cd git/
  309  git status
  310  cd worksheet1/
  311  ls
  312  git status
  313  git add .
  314  git commit -m "WS5"
  315  git push -u origin main
  316  clear
  317  cd worksheet5
  318  ls
  319  rm CUSTOMERSID/
  320  ls
  321  rm CUSTOMERSID/
  322  rm -r CUSTOMERSID/
  323  ls
  324  clear
  325  mkdir CUSTOMERSID
  326  ls
  327  git status
  328  echo HEllo
  329  echo HEllo > CUSTOMERSID/hello.txt
  330  ls
  331  git status
  332  git add .
  333  git commit -m "ws5"
  334  git push -u origin main
  335  rm CUSTOMERSID/hello.txt 
  336  ls
  337  git status
  338  clear
  339  for id in $(cat custid.txt); do echo $id > CUSTOMERSID/$id.txt; done
  340  git status
  341  git add .
  342  ls
  343  vi ws5.txt 
  344  git status
  345  git add .
  346  git commit -m "ws5"
  347  git push -u origin main
  348  history > cmds.log
  349  ls
  350  git statis
  351  git status
  352  git add .
  353  git commit -m "ws5"
  354  git push -u origin main
  355  clear
  356  tmux attach -t homework
  357  pwd
  358  clear
  359  ls
  360  cd git/
  361  ls
  362  cd worksheet1/
  363  ls
  364  mkdir A3
  365  cd A3
  366  ls
  367  script a3.041022.txt
  368  script a3.061022.txt
  369  rm question1.csv 
  370  ls
  371  clear
  372  head downloaded_tweets_extend_original_nolf2.tsv 
  373  clear
  374  cat downloaded_tweets_extend_original_nolf2.tsv | cut -d$'\t' -f2,6 | awk -F$'\t' '$1!=$2 && $2!="" {print "%s%s%s",$2,sep,$1;sep","' | head
  375  cat downloaded_tweets_extend_original_nolf2.tsv | cut -d$'\t' -f2,6 | awk -F$'\t' '$1!=$2 && $2!="" {print "%s%s%s",$2,sep,$1;sep=","' | head
  376  cat downloaded_tweets_extend_original_nolf2.tsv | cut -d$'\t' -f2,6 | awk -F$'\t' '$1!=$2 && $2!="" {print "%s%s%s",$2,sep,$1;sep=","}' | head
  377  cat downloaded_tweets_extend_original_nolf2.tsv | cut -d$'\t' -f2,6 | awk -F$'\t' '$1!=$2 && $2!="" {printf "%s%s%s",$2,sep,$1;sep=","}' | head
  378  clear
  379  cat downloaded_tweets_extend_original_nolf2.tsv | cut -d$'\t' -f2,6 | awk -F$'\t' '$1!=$2 && $2!="" {printf "%s%s%s\n",$2,sep,$1;sep=","}' | head
  380  cat downloaded_tweets_extend_original_nolf2.tsv | cut -d$'\t' -f2,6 | awk -F$'\t' '$1!=$2 && $2!="" {printf "%s%s%s\n",$2,sep,$1;sep=","}' | sort -n | head
  381  cat downloaded_tweets_extend_original_nolf2.tsv | cut -d$'\t' -f2,6 | awk -F$'\t' '$1!=$2 && $2!="" {printf "%s%s%s\n",$2,sep,$1;sep=","}' | sort -nr | head
  382  cat downloaded_tweets_extend_original_nolf2.tsv | cut -d$'\t' -f2,6 | awk -F$'\t' '$1!=$2 && $2!="" {printf "%s%s%s\n",$2,sep,$1;sep=","}' | 
  383  clear
  384  cat downloaded_tweets_extend_original_nolf2.tsv | cut -d$'\t' -f2,6 | awk -F$'\t' '$1!=$2 && $2!="" {printf "%s%s%s\n",$2,sep,$1;sep=","}' | sort -nr | head
  385  cat downloaded_tweets_extend_original_nolf2.tsv | cut -d$'\t' -f2,6 | awk -F$'\t' '$1!=$2 && $2!="" {printf "%s%s%s\n",$2,sep,$1;sep=","}' | head
  386  cat downloaded_tweets_extend_original_nolf2.tsv | cut -d$'\t' -f2,6 | awk -F$'\t' '$1!=$2 && $2!="" {printf "%s%s%s\n",$2,sep,$1;sep=","}' | sed '1d' | head
  387  cat downloaded_tweets_extend_original_nolf2.tsv | cut -d$'\t' -f2,6 | awk -F$'\t' '$1!=$2 && $2!="" {printf "%s%s%s\n",$2,sep,$1;sep=","}' | sed '1d' | sort -nr | head
  388  cat downloaded_tweets_extend_original_nolf2.tsv | cut -d$'\t' -f2,6 | awk -F$'\t' '$1!=$2 && $2!="" {printf "%s%s%s\n",$2,sep,$1;sep=","}' | sed '1d' | sort -nr > question1.txt
  389  vi question1.txt 
  390  head question1.txt 
  391  clear
  392  cat question1.txt | uniq -c | head
  393  cat question1.txt | uniq -c | sort -nr | head
  394  cat question1.txt
  395  clear
  396  cat question1.txt | cut -d, -f1 | head
  397  cat question1.txt | cut -d, -f1 | head | sort | uniq -c | sort -nr | head
  398  cat question1.txt | cut -d, -f1 | head | sort | uniq -c | sort -n | head
  399  cat question1.txt | cut -d, -f1 | head | sort | uniq -c | head
  400  cat question1.txt | cut -d, -f1 | uniq -c | head
  401  cat question1.txt | cut -d, -f1 | uniq -c | sort -nr | head
  402  cat question1.txt | cut -d, -f1 | sort | uniq -c | sort -nr | head
  403  cat question1.txt | sort | uniq -c | sort -nr | head
  404  cat question1.txt | sort | uniq -c | sort -k1 -nr | head
  405  cat question1.txt | awk -F, '!a[$1]++' | sort -nr | head
  406  clear
  407  cat question1.txt | uniq -c -f 2 | head
  408  cat question1.txt | sort -u -t, -k1,1 | head
  409  cat question1.txt | grep 1001848891401220096 | wc -l
  410  cat question1.txt | sort -u -t, -k1,1 -nr | head
  411  cat question1.txt | awk -F"," '!_[$1]++' | head
  412  cat question1.txt | uniq -c -f1 | head
  413  cat question1.txt | uniq -c -f2 | head
  414  cat question1.txt | uniq -c -f1
  415  cat question1.txt | sort | uniq -c -w 1
  416  cat question1.txt | sort | uniq -c | head
  417  cat question1.txt | sort | uniq -c | sort -nr | head
  418  cat question1.txt | sort | uniq -c -w1 | sort -nr | head
  419  cat question1.txt | uniq -f -s
  420  cat question1.txt | uniq -f -s2
  421  cat question1.txt | uniq -f -s 2 | head
  422  cat question1.txt | uniq -f -s -u
  423  cat question1.txt | uniq -f -c
  424  cat question1.txt | uniq -c
  425  cat question1.txt | uniq -c | head
  426  cat question1.txt | sort -n | uniq -c | sort -nr | head
  427  grep 3453306553,1573800344 question1.txt 
  428  cat question1.txt | cut -d, -f1 | head
  429  cat question1.txt | cut -d, -f1 | sort | uniq -c | sort -nr | head
  430  grep 3453306553 question1.txt 
  431  cat question1.txt | cut -d, -f1 | sort | uniq -c | sort -nr | head
  432  cat question1.txt | cut -d, -f1 | sort | uniq -c | sort -nr | grep $1
  433  cat question1.txt | cut -d, -f1 | sort | uniq -c | sort -nr | awk '{if ($1>3) print $1}'
  434  cat question1.txt | cut -d, -f1 | sort | uniq -c | sort -nr | awk '{if ($1>3) print $1}' | head
  435  cat question1.txt | cut -d, -f1 | sort | uniq -c | sort -nr | awk '{if ($1>3) print $1 $2}' | head
  436  cat question1.txt | cut -d, -f1 | sort | uniq -c | sort -nr | awk '{if ($1>3) print $1,$2}' | head
  437  cat question1.txt | cut -d, -f1 | sort | uniq -c | sort -nr | awk '{if ($1>3) print $1,$2, $3}' | head
  438  cat question1.txt | cut -d, -f1 | sort | uniq -c | sort -nr | awk '{if ($1>3) print $1,$2}' | head
  439  sed 's/,/ /g' question1.txt | head
  440  sed 's/,/ /g' question1.txt | head | uniq -c
  441  sed 's/,/ /g' question1.txt | uniq -c | sort -nr | head
  442  sed 's/,/ /g' question1.txt | sort | uniq -c | sort -nr | head
  443  man uniq
  444  sed 's/,/ /g' question1.txt | sort | uniq -f1 -c  | sort -nr | head
  445  sed 's/,/ /g' question1.txt | sort | uniq -f 1 -c  | sort -nr | head
  446  sed 's/,/ /g' question1.txt | sort | uniq -t ' ' -f 1 -c  | sort -nr | head
  447  cat question1.txt | uniq -t ',' -f 1
  448  cat question1.txt | uniq 'f 1 -c
  449  cat question1.txt | uniq 'f 1 -c | head
  450  cat question1.txt | uniq -f 1 -c 
  451  cat question1.txt | uniq -f 1 -c | head
  452  cat question1.txt | uniq -f 1 | head
  453  cat question1.txt | uniq -c -f 1 | head
  454  cat question1.txt | uniq -c -f2
  455  cat question1.txt | uniq -c
  456  cat question1.txt | uniq -c | head
  457  clear
  458  cat question1.txt | uniq -w2
  459  cat question1.txt | uniq -w4
  460  cat question1.txt | uniq -w4 -c
  461  cat question1.txt | uniq -w4 -c | sort -nr | head
  462  cat question1.txt | uniq -w1 -c | sort -nr | head
  463  cat question1.txt | uniq -w10 -c | sort -nr | head
  464  cat question1.txt | uniq -w, -c | sort -nr | head
  465  clear
  466  cat question1.txt | head
  467  cat question1.txt | cut -d, -f1 | head
  468  cat question1.txt | cut -d, -f1 | uniq -c | sort -nr | head
  469  cat question1.txt | cut -d, -f1 | sort | uniq -c | sort -nr | head
  470  cat question1.txt | cut -d, -f1 | sort | uniq -c | sort -nr | awk 'print $2' | head
  471  cat question1.txt | cut -d, -f1 | sort | uniq -c | sort -nr | awk '{print $2}' | head
  472  cat question1.txt | cut -d, -f1 | sort | uniq -c | sort -nr | awk 'if ($1 > 3) {print $2}' |   cat question1.txt | cut -d, -f1 | sort | uniq -c | sort -nr | awk 'if ($1 > 3) {print $2}' | head  
  473  cat question1.txt | cut -d, -f1 | sort | uniq -c | sort -nr | awk 'if ($1 > 3) {print $2}' |   cat question1.txt | cut -d, -f1 | sort | uniq -c | sort -nr | awk '{if ($1 > 3) {print $2}'} | head  
  474  cat question1.txt | cut -d, -f1 | sort | uniq -c | sort -nr | awk 'if ($1 > 3) {print $2}' |   cat question1.txt | cut -d, -f1 | sort | uniq -c | sort -nr | awk '{if ($1 > 3) {print $1 $2}'} | head  
  475  cat question1.txt | cut -d, -f1 | sort | uniq -c | sort -nr | awk 'if ($1 > 3) {print $2}' |   cat question1.txt | cut -d, -f1 | sort | uniq -c | sort -nr | awk '{if ($1 > 3) {print $1,$2}'} | head  
  476  cat question1.txt | cut -d, -f1 | sort | uniq -c | sort -nr | awk 'if ($1 > 3) {print $2}' |   cat question1.txt | cut -d, -f1 | sort | uniq -c | sort -nr | awk '{if ($1 > 3) {print $1,$2}'} 
  477  cat question1.txt | cut -d, -f1 | sort | uniq -c | sort -nr | awk 'if ($1 > 3) {print $2}' |   cat question1.txt | cut -d, -f1 | sort | uniq -c | sort -nr | awk '{if ($1 > 3) {print $1,$2}'} | uniq -c
  478  cat question1.txt | cut -d, -f1 | sort | uniq -c | sort -nr | awk 'if ($1 > 3) {print $2}' |   cat question1.txt | cut -d, -f1 | sort | uniq -c | sort -nr | awk '{if ($1 > 3) {print $1,$2}'} | head
  479  clear
  480  cat question1.txt | cut -d, -f1 | sort | uniq -c | sort -nr | awk 'if ($1 > 3) {print $2}' |   cat question1.txt | cut -d, -f1 | sort | uniq -c | sort -nr | awk '{if ($1 > 3) {print $1,$2}'} | hea
  481  grep 3453306553 question1.txt | wc -l
  482  cat question1.txt | cut -d, -f1 | sort | uniq -c | sort -nr | awk '{ if ($1 > 3) print $1,$2}' 
  483  cat question1.txt | cut -d, -f1 | sort | uniq -c | sort -nr | awk '{ if ($1 > 3) print $1,$2}' | head
  484  cat question1.txt | cut -d, -f1 | sort | uniq -c | sort -nr | awk '{ if ($1 > 3) print $1,$2}' > question2.txt
  485  head question2.txt 
  486  ls
  487  head -n1 question2.txt 
  488  CLEAR
  489  clear
  490  /etc/gnuplot-5.4.4/src/gnuplot
  491  clear
  492  ls
  493  rm question2.txt 
  494  ls
  495  head question1.txt 
  496  cat question1.txt | sort | uniq -c | sort -nr
  497  cat question1.txt | sort | uniq -c | sort -nr | awk '{if ($1 > 3) print $1$2$2}' | head
  498  cat question1.txt | sort | uniq -c | sort -nr | awk '{if ($1 > 3) print $1,$2,$2}' | head
  499  cat question1.txt | sort | uniq -c | sort -nr | awk '{if ($1 > 3) print $1,$2,$3}' | head
  500  cat question1.txt | sort | uniq -c | sort -nr | awk '{if ($1 > 3) print $1,$2,$3}' > question2.txt
  501  cat question2.txt | cut -d -f1
  502  cat question2.txt | cut -d' ' -f1
  503  cat question2.txt | cut -d' ' -f1 | sort | uniq -c | sort -nr 
  504  clear
  505  cd
  506  ls
  507  tmux
  508  sudo yum install tmux
  509  clear
  510  tmux new-session -s A3
  511  tmux new-session -s homework
  512  tmux attach -t homework
  513  TMUX='' tmux
  514  clear
  515  cd git/worksheet1/
  516  ls
  517  ls worksheet5
  518  ls worksheet4
  519  ls worksheet4/PRODUCTS/
  520  ls A2
  521  mkdir A6
  522  ls
  523  cd A6
  524  ls
  525  clear
  526  tmux new-session -s homework
  527  ls
  528  mkdir PRODUCTS
  529  mv 0373836635.txt PRODUCTS/
  530  ls
  531  mv 0811828964.txt PRODUCTS/
  532  mv 1844161560.txt PRODUCTS/
  533  ls
  534  ls PRODUCTS/
  535  cd PRODUCTS/
  536  ls
  537  for f in *; do echo $f; done
  538  for f in *; do ; done
  539  clear
  540  cat 0373836635.txt 
  541  cd
  542  ls 
  543  cd git/worksheet1/
  544  ls
  545  ls A3
  546  ls A2
  547  ls worksheet4
  548  ls worksheet3
  549  cd
  550  ls
  551  cd git/worksheet1/worksheet6
  552  ls
  553  cd PRODUCTS/
  554  ls
  555  echo ls ln
  556  ln
  557  ln -s
  558  clear
  559  ls
  560  for f in *; echo f; done
  561  for f in *;do echo f; done
  562  for f in *;do echo $f; done
  563  for f in *;do echo "${f##*x/}"; done
  564  for f in *;do echo 'basename $f; done
  565  for f in *;do echo 'basename $f'; done
  566  for f in *;do echo ${f%.*}}; done
  567  for f in *;do echo ${f%.*}; done
  568  for f in *;do echo ${f%.*}.; done
  569  for f in *;do echo ${f%.*}.$(date); done
  570  for f in *;do echo ${f%.*}.$(date '+%Y%m%d_%H%M%S'); done
  571  for f in *;do echo $f > ${f%.*}.$(date '+%Y%m%d_%H%M%S').txt; donefor f in *;do echo $f > ${f%.*}.$(date '+%Y%m%d_%H%M%S').txt; done
  572  ls
  573  for f in *_*.txt; do echo f; done
  574  for f in *_*.txt; do echo $f; done
  575  for f in *_*.txt; do echo product_review; done
  576  for f in *_*.txt; do echo product_review: 7 >> $f; done
  577  ls
  578  cat *_*.txt
  579  ls
  580  clear
  581  ls
  582  for f in *_*.txt; do echo f; done
  583  for f in *_*.txt; do echo $*.txt; done
  584  for f in *_*.txt; do echo ${f}; done
  585  for f in *_*.txt; do echo ${f*}; done
  586  for f in *_*.txt; do echo ${*f}; done
  587  for f in *_*.txt; do echo ${f%.}; done
  588  for f in *_*.txt; do echo ${f%.*}; done
  589  for f in *_*.txt; do echo ${f%*.*}; done
  590  for f in *_*.txt; do echo ${f%.*.}; done
  591  for f in *_*.txt; do echo ${f.*}; done
  592  for f in *_*.txt; do echo ${f%*.}; done
  593  for f in *_*.txt; do echo ${f%*.*}; done
  594  for f in *.txt; do echo ${f%}; done
  595  for f in f in *.txt ; do echo ${f%} ; done.txt; do echo ${f%}; done
  596  for f in *.txt; do echo ${f%}; done
  597  for f in {}.txt; do echo ${f%}; done
  598  for f in ${*}.txt; do echo ${f%}; done
  599  for f in $(*).txt; do echo ${f%}; done
  600  ls -1
  601  ls
  602  ls -1
  603  ls -1 | grep 0
  604  ls -1 | grep 03
  605  ls -1 | grep -e ".."
  606  ls -1 | grep -e "."
  607  ls -1 | grep -e "^2022"
  608  ls -1 | grep -e "^_"
  609  ls -1 | grep -e "^_."
  610  ls -1 | grep -e "[^0-9]"
  611  ls -1 | grep -e "[0-9]"
  612  ls -1 | grep -e "[^_]"
  613  ls -1 | grep -e "[^//]"
  614  ls -1 | grep -e "[^//_]"
  615  ln -s 0373836635.LATEST.txt 0373836635.20221018_162901.txt 
  616  ls -s 0373836635.20221018_162901.txt 0373836635.LATEST.txt
  617  ls
  618  clear
  619  cat 0373836635.txt > 0373836635.LATEST.txt
  620  ls
  621  ln -n 0373836635.20221018_162901.txt 0373836635.LATEST.txt 
  622  ls -l
  623  rm 0373836635.LATEST.txt 
  624  ls
  625  clear
  626  ls
  627  ls -l
  628  ln -n 0373836635.20221018_162901.txt 0373836635.LATEST.txt 
  629  ls
  630  ls -l
  631  crontab -3
  632  crontab -e
  633  ls
  634  crobtab -e
  635  crontab
  636  crontab -e
  637  clear
  638  clear
  639  tmux attach-t homework
  640  tmux attach -t homework
  641  cat cronshell.sh
  642  ls sh
  643  ls /bin/ba
  644  ls /bin/bash
  645  ls
  646  cd git/worksheet1/worksheet6
  647  ls
  648  clear
  649  ls
  650  cd git 
  651  cd worksheet1/
  652  ls
  653  mkdir worksheet6.1
  654  ls
  655  ls -l
  656  ll
  657  ls A1
  658  ls A2
  659  ls A3
  660  ls worksheet3
  661  cd 
  662  ls
  663  head amazon_reviews_us_Books_v1_02.tsv 
  664  grep 0385730586 amazon_reviews_us_Books_v1_02.tsv 
  665  clear
  666  head amazon_reviews_us_Books_v1_02.tsv 
  667  cat amazon_reviews_us_Books_v1_02.tsv | cut -d$'\t' -f4 | head
  668  cat amazon_reviews_us_Books_v1_02.tsv | cut -d$'\t' -f4 | sort | uniq -c | sort | head
  669  grep 000200092X amazon_reviews_us_Books_v1_02.tsv 
  670  grep 000200092X amazon_reviews_us_Books_v1_02.tsv > git/worksheet1/worksheet6.1/000200092X.txt
  671  ls
  672  cd git/worksheet1/worksheet6.1/
  673  ls
  674  head 000200092X.txt 
  675  cat 000200092X.txt > 000200092X.$(date '+%Y%m%d_%H%M%S').txt
  676  ls
  677  cat 000200092X.20221018_183625.txt 
  678  clear
  679  ls
  680  ln -s 000200092X.20221018_183625.txt 000200092X.LATEST.txt
  681  ls
  682  head 000200092X.LATEST.txt 
  683  clear
  684  ls -latr
  685  clear
  686  cd
  687  /bin/bash
  688  clear
  689  cd git/worksheet1/
  690  mkdir A4
  691  ls
  692  cd A4
  693  ls
  694  clear
  695  tmux new-session -s homework
  696  tmux new-session -s A4
  697  clear
  698  ls
  699  date '%Y_%m_%d'
  700  date '+%Y_%m_%d'
  701  echo $(date '+%Y_%m_%d')
  702  echo $(date '+%Y_%m_%d') > $(date '+%Y_%m_%d').txt
  703  ls
  704  clear
  705  date '+%Y-%m-%d %H:%M:%S'
  706  rm *
  707  ls
  708  echo $(date '+%Y%m%d_%H%M%S') > $(date '+%Y%m%d_%H%M%S').txt
  709  ls
  710  cd
  711  ls
  712  cd git
  713  ls
  714  cd worksheet1/
  715  ls
  716  ls A2
  717  cd worksheet3
  718  ls
  719  cd ..
  720  ls worksheet4/
  721  cp worksheet4/PRODUCTS worksheet6
  722  cp worksheet4/PRODUCTS/ worksheet6
  723  cp -R worksheet4/PRODUCTS/ worksheet6
  724  ls
  725  cd worksheet6/
  726  ls
  727  git status
  728  clear
  729  ls
  730  cd ..
  731  ls
  732  mv A6/* worksheet6
  733  ls
  734  ls A6
  735  rm A6
  736  rmdir A6
  737  ls
  738  cd worksheet6
  739  ls
  740  script ws6.txt
  741  ls
  742  history > cmds.log
  743  ls
  744  vi ws6.txt 
  745  head ws6.txt 
  746  clear
  747  git status
  748  cd ..
  749  ls
  750  git status
  751  git add .
  752  git commit -m "WS6"
  753  git push -u origin main
  754  tmux attach -t homework
  755  tmux attach -t A4
  756  clear
  757  ls
  758  ls A4
  759  cd A4
  760  head -n2 retweeted.tsv 
  761  head retweeted.tsv 
  762  cut -d$'\t' -f5,6
  763  cut -d$'\t' -f5,6 retweeted.tsv 
  764  cut -d$'\t' -f5,6 retweeted.tsv | head -n 100
  765  clear
  766  head -n 1 retweeted.tsv 
  767  head -n 2 retweeted.tsv 
  768  grep 1513654494504136709 retweeted.tsv 
  769  cut -d$'\t' -f6 retweeted.tsv | wc -l
  770  wc -l retweeted.tsv 
  771  cut -d$'\t' -f6 retweeted.tsv | uniq -c | wc -l
  772  cut -d$'\t' -f5 retweeted.tsv | uniq -c | wc -l
  773  cd
  774  ls
  775  cd git/worksheet1/
  776  ls
  777  cd A4
  778  ls
  779  grep retweets downloaded_tweets_extend_original_nolf2.tsv | head 
  780  grep retweets downloaded_tweets_extend_nolf2.tsv | head 
  781  grep retweeted downloaded_tweets_extend_nolf2.tsv | head 
  782  grep retweeted downloaded_tweets_extend_nolf2.tsv | cut -d$'\t' -f6 | head
  783  grep retweeted downloaded_tweets_extend_nolf2.tsv | cut -d$'\t' -f6 | sort | uniq -c
  784  grep retweeted downloaded_tweets_extend_nolf2.tsv | cut -d$'\t' -f5 | sort | uniq -c
  785  grep retweeted downloaded_tweets_extend_nolf2.tsv | cut -d$'\t' -f5 | sort | uniq -c | sort -nr | head
  786  grep 1497678663046905863 downloaded_tweets_extend_nolf2.tsv 
  787  clear
  788  ls
  789  head retweeted.tsv 
  790  cut -d$'\t' -f5 retweeted.tsv | head
  791  cut -d$'\t' -f5 retweeted.tsv | head | awk "{print $1}"
  792  cut -d$'\t' -f5 retweeted.tsv | head | awk "{print ${=* }"
  793  clear
  794  ls
  795  date '%Y_%m_%d'
  796  date '+%Y_%m_%d'
  797  echo $(date '+%Y_%m_%d')
  798  echo $(date '+%Y_%m_%d') > $(date '+%Y_%m_%d').txt
  799  ls
  800  clear
  801  date '+%Y-%m-%d %H:%M:%S'
  802  rm *
  803  ls
  804  echo $(date '+%Y%m%d_%H%M%S') > $(date '+%Y%m%d_%H%M%S').txt
  805  ls
  806  cd
  807  ls
  808  cd git
  809  ls
  810  cd worksheet1/
  811  ls
  812  ls A2
  813  cd worksheet3
  814  ls
  815  cd ..
  816  ls worksheet4/
  817  cp worksheet4/PRODUCTS worksheet6
  818  cp worksheet4/PRODUCTS/ worksheet6
  819  cp -R worksheet4/PRODUCTS/ worksheet6
  820  ls
  821  cd worksheet6/
  822  ls
  823  git status
  824  clear
  825  ls
  826  cd ..
  827  ls
  828  mv A6/* worksheet6
  829  ls
  830  ls A6
  831  rm A6
  832  rmdir A6
  833  ls
  834  cd worksheet6
  835  ls
  836  script ws6.txt
  837  ls
  838  history > cmds.log
  839  ls
  840  vi ws6.txt 
  841  head ws6.txt 
  842  clear
  843  git status
  844  cd ..
  845  ls
  846  git status
  847  git add .
  848  git commit -m "WS6"
  849  git push -u origin main
  850  tmux attach -t homework
  851  tmux attach -t A4
  852  clear
  853  ls
  854  ls A4
  855  cd A4
  856  head -n2 retweeted.tsv 
  857  head retweeted.tsv 
  858  cut -d$'\t' -f5,6
  859  cut -d$'\t' -f5,6 retweeted.tsv 
  860  cut -d$'\t' -f5,6 retweeted.tsv | head -n 100
  861  clear
  862  head -n 1 retweeted.tsv 
  863  head -n 2 retweeted.tsv 
  864  grep 1513654494504136709 retweeted.tsv 
  865  cut -d$'\t' -f6 retweeted.tsv | wc -l
  866  wc -l retweeted.tsv 
  867  cut -d$'\t' -f6 retweeted.tsv | uniq -c | wc -l
  868  cut -d$'\t' -f5 retweeted.tsv | uniq -c | wc -l
  869  cd
  870  ls
  871  cd git/worksheet1/
  872  ls
  873  cd A4
  874  ls
  875  grep retweets downloaded_tweets_extend_original_nolf2.tsv | head 
  876  grep retweets downloaded_tweets_extend_nolf2.tsv | head 
  877  grep retweeted downloaded_tweets_extend_nolf2.tsv | head 
  878  grep retweeted downloaded_tweets_extend_nolf2.tsv | cut -d$'\t' -f6 | head
  879  grep retweeted downloaded_tweets_extend_nolf2.tsv | cut -d$'\t' -f6 | sort | uniq -c
  880  grep retweeted downloaded_tweets_extend_nolf2.tsv | cut -d$'\t' -f5 | sort | uniq -c
  881  grep retweeted downloaded_tweets_extend_nolf2.tsv | cut -d$'\t' -f5 | sort | uniq -c | sort -nr | head
  882  grep 1497678663046905863 downloaded_tweets_extend_nolf2.tsv 
  883  clear
  884  ls
  885  head retweeted.tsv 
  886  cut -d$'\t' -f5 retweeted.tsv | head
  887  cut -d$'\t' -f5 retweeted.tsv | head | awk "{print $1}"
  888  cut -d$'\t' -f5 retweeted.tsv | head | awk "{print ${=* }"
  889  cut -d$'\t' -f5 retweeted.tsv | head | awk "{print ${=* }}"
  890  clear
  891  cd git/worksheet1/
  892  ls
  893  tmux attach -t homework
  894  ls
  895  pwd
  896  cp /home/test/A1/down*.tsv /home/huy/git/worksheet1/A4/
  897  cp /home/test/A1:down*.tsv /home/huy/git/worksheet1/A4/
  898  cp /home/test/A1/downloaded_tweets_extend_original_nolf2.tsv /home/huy/git/worksheet1/A4/
  899  ls
  900  cp /home/test/A1/downloaded_tweets_extend_nolf2.tsv /home/huy/git/worksheet1/A4/
  901  ls
  902  clear
  903  ll
  904  head downloaded_tweets_extend_nolf2.tsv 
  905  head downloaded_tweets_extend_original_nolf2.tsv 
  906  grep retweeted downloaded_tweets_extend_nolf2.tsv | head
  907  grep retweeted downloaded_tweets_extend_nolf2.tsv
  908  fgrep retweeted downloaded_tweets_extend_nolf2.tsv 
  909  clear
  910  fgrep retweeted downloaded_tweets_extend_nolf2.tsv | wc -l
  911  fgrep retweeted downloaded_tweets_extend_nolf2.tsv downloaded_tweets_extend_original_nolf2.tsv | wc -l
  912  fgrep retweeted downloaded_tweets_extend_*.tsv | wc -l
  913  grep retweeted downloaded_tweets_extend_original_nolf2.tsv | wc -l
  914  fgrep retweeted downloaded_tweets_extend_*.tsv > retweeted.tsv
  915  ls
  916  head retweeted.tsv 
  917  rm retweeted.tsv 
  918  ls
  919  head downloaded_tweets_extend_nolf2.tsv 
  920  head -n 1 downloaded_tweets_extend_nolf2.tsv 
  921  head -n 1 downloaded_tweets_extend_nolf2.tsv > retweeted.tsv
  922  fgrep retweeted downloaded_tweets_extend_nolf2.tsv >> retweeted.tsv 
  923  fgrep retweeted downloaded_tweets_extend_original_nolf2.tsv >> retweeted.tsv 
  924  head retweeted.tsv 
  925  clear
  926  ls
  927  head retweeted.tsv 
  928  cut -d$'\t' -f6 | head
  929  cut -d$'\t' -f6 retweeted.tsv | head
  930  cut -d$'\t' -f6 retweeted.tsv 
  931  clear
  932  head retweeted.tsv 
  933  clear
  934  ls
  935  cd ..
  936  ls
  937  cd A3
  938  ls
  939  head question1.txt 
  940  grep 1517251708090568707 question1.txt 
  941  cd A4
  942  cd ..
  943  cd A4
  944  ls
  945  clear
  946  head downloaded_tweets_extend_nolf2.tsv 
  947  cd ..
  948  cd A3
  949  ls
  950  cut -d, -f1 question1.txt | head
  951  cut -d, -f1 question1.txt | wc -l
  952  cut -d, -f1 question1.txt | sort | uniq -c | wc -l
  953  cut -d, -f1 question1.txt | sort | uniq -c | head
  954  cut -d, -f1 question1.txt | sort | uniq -c | sort -nr | head 
  955  grep 3453306553 question1.txt 
  956  cp question1.txt ../A4
  957  ls
  958  head question1.txt 
  959  cd ..
  960  clear
  961  ls
  962  cd A4
  963  ls
  964  head question1.
  965  ls question1*
  966  head question1.txt 
  967  head question1.graph.txt 
  968  head question1.retweets.txt 
  969  clear
  970  ls
  971  grep 3453306553 question1.txt 
  972  grep 3453306553 question1.txt > question5.userReply.csv
  973  head question5.userReply.csv 
  974  head question1.retweets.txt | head
  975  cut -d, -f1 question1.retweets.txt | sort | uniq -c | sort -nr | head 
  976  grep 177400353 question1.retweets.txt | head
  977  grep 177400353 question1.retweets.txt > question5.userRetweets.csv
  978  clear
  979  clear
  980  ls
  981  cd git/worksheet1/
  982  git status
  983  git add .
  984  git commit -m "A4"
  985  git push -u origin main
  986  cd A4
  987  ls
  988  cut -d, -f1 question1.retweets.txt | sort | uniq -c | sort -nr > question1.graph.txt
  989  tmux attach -t A4
  990  clear
  991  cd git/worksheet1/
  992  mkdir worksheet7
  993  ls
  994  cd worksheet7
  995  script ws7.txt
  996  tmux new-session -s WS7
  997  cd git/worksheet1/
  998  ls
  999  cd worksheet7/
 1000  tmux attach -t WS7
 1001  cd git/worksheet1/worksheet6
 1002  ls
 1003  cd ..
 1004  cd worksheet7
 1005  ls
 1006  tmux attach -t WS7
 1007  clear
 1008  ls
 1009  history > cmd.log
